<?xml version="1.0" encoding="UTF-8"?>
<testsuite xmlns:xsi="http://www.w3.org/2001/XMLSchema-instance" xsi:noNamespaceSchemaLocation="https://maven.apache.org/surefire/maven-surefire-plugin/xsd/surefire-test-report.xsd" name="com.bits.ProductTest" time="0.053" tests="6" errors="0" skipped="0" failures="0">
  <properties>
[...]
</properties>
  <testcase name="testSetValidQuantity" classname="com.bits.ProductTest" time="0.022"/>
  <testcase name="testSetInvalidUnitPrice" classname="com.bits.ProductTest" time="0.003"/>
  <testcase name="testSetValidUnitPrice" classname="com.bits.ProductTest" time="0.001"/>
  <testcase name="testSetInvalidCode" classname="com.bits.ProductTest" time="0.002"/>
  <testcase name="testSetInvalidQuantity" classname="com.bits.ProductTest" time="0.002"/>
  <testcase name="testSetValidCode" classname="com.bits.ProductTest" time="0"/>
</testsuite>